  stdafx.cpp
  TRGB2YCbCr.cpp
  MNN.cpp
i:\mybook\作者文件\资源\书籍初稿\第七章\code\7.6\win_mnn_pc_demo_face_segment\mnn\mnn.h(7): fatal error C1083: Cannot open include file: 'ImageProcess.hpp': No such file or directory
  ImageEngine.cpp
i:\mybook\作者文件\资源\书籍初稿\第七章\code\7.6\win_mnn_pc_demo_face_segment\mnn\mnn.h(7): fatal error C1083: Cannot open include file: 'ImageProcess.hpp': No such file or directory
  f_SoftSkin.cpp
i:\mybook\作者文件\资源\书籍初稿\第七章\code\7.6\win_mnn_pc_demo_face_segment\mnn\f_softskin.cpp(32): warning C4244: 'argument': conversion from 'int' to 'float', possible loss of data
  f_SmartBlur.cpp
  f_SkinWhite.cpp
i:\mybook\作者文件\资源\书籍初稿\第七章\code\7.6\win_mnn_pc_demo_face_segment\mnn\f_skinwhite.cpp(31): warning C4244: 'argument': conversion from 'int' to 'float', possible loss of data
i:\mybook\作者文件\资源\书籍初稿\第七章\code\7.6\win_mnn_pc_demo_face_segment\mnn\f_skinwhite.cpp(77): warning C4244: 'argument': conversion from 'int' to 'float', possible loss of data
i:\mybook\作者文件\资源\书籍初稿\第七章\code\7.6\win_mnn_pc_demo_face_segment\mnn\f_skinwhite.cpp(86): warning C4244: '=': conversion from 'double' to 'int', possible loss of data
i:\mybook\作者文件\资源\书籍初稿\第七章\code\7.6\win_mnn_pc_demo_face_segment\mnn\f_skinwhite.cpp(87): warning C4244: '=': conversion from 'double' to 'int', possible loss of data
i:\mybook\作者文件\资源\书籍初稿\第七章\code\7.6\win_mnn_pc_demo_face_segment\mnn\f_skinwhite.cpp(88): warning C4244: '=': conversion from 'double' to 'int', possible loss of data
i:\mybook\作者文件\资源\书籍初稿\第七章\code\7.6\win_mnn_pc_demo_face_segment\mnn\f_skinwhite.cpp(129): warning C4244: 'argument': conversion from 'int' to 'float', possible loss of data
  f_SkinPDF.cpp
i:\mybook\作者文件\资源\书籍初稿\第七章\code\7.6\win_mnn_pc_demo_face_segment\mnn\f_skinpdf.cpp(15): warning C4244: 'return': conversion from 'double' to 'float', possible loss of data
i:\mybook\作者文件\资源\书籍初稿\第七章\code\7.6\win_mnn_pc_demo_face_segment\mnn\f_skinpdf.cpp(21): warning C4244: 'argument': conversion from 'int' to 'float', possible loss of data
i:\mybook\作者文件\资源\书籍初稿\第七章\code\7.6\win_mnn_pc_demo_face_segment\mnn\f_skinpdf.cpp(22): warning C4244: 'argument': conversion from 'int' to 'float', possible loss of data
i:\mybook\作者文件\资源\书籍初稿\第七章\code\7.6\win_mnn_pc_demo_face_segment\mnn\f_skinpdf.cpp(46): warning C4244: 'initializing': conversion from 'float' to 'int', possible loss of data
  f_LUTFilter.cpp
  f_GaussFilter.cpp
  Generating Code...
